<?xml version="1.0" encoding="UTF-8"?>
<testng-results ignored="0" total="14" passed="11" failed="2" skipped="1">
  <reporter-output>
  </reporter-output>
  <suite started-at="2023-05-01T11:41:48 IST" name="Suite" finished-at="2023-05-01T11:43:15 IST" duration-ms="86647">
    <groups>
    </groups>
    <test started-at="2023-05-01T11:41:48 IST" name="Test" finished-at="2023-05-01T11:43:15 IST" duration-ms="86647">
      <class name="testEndPoints.AdequateEndpointTests">
        <test-method signature="TestUserRegister()[pri:1, instance:testEndPoints.AdequateEndpointTests@4f8caaf3]" started-at="2023-05-01T11:41:49 IST" name="TestUserRegister" finished-at="2023-05-01T11:41:55 IST" duration-ms="5975" status="PASS">
          <reporter-output>
          </reporter-output>
        </test-method> <!-- TestUserRegister -->
        <test-method signature="TestValidUserLogin()[pri:2, instance:testEndPoints.AdequateEndpointTests@4f8caaf3]" started-at="2023-05-01T11:41:55 IST" name="TestValidUserLogin" finished-at="2023-05-01T11:41:55 IST" duration-ms="480" status="PASS">
          <reporter-output>
          </reporter-output>
        </test-method> <!-- TestValidUserLogin -->
        <test-method signature="TestCreateUser()[pri:3, instance:testEndPoints.AdequateEndpointTests@4f8caaf3]" started-at="2023-05-01T11:41:55 IST" name="TestCreateUser" finished-at="2023-05-01T11:41:55 IST" duration-ms="442" status="PASS">
          <reporter-output>
          </reporter-output>
        </test-method> <!-- TestCreateUser -->
        <test-method signature="TestgetUser()[pri:4, instance:testEndPoints.AdequateEndpointTests@4f8caaf3]" started-at="2023-05-01T11:41:55 IST" name="TestgetUser" finished-at="2023-05-01T11:41:56 IST" duration-ms="382" status="PASS">
          <reporter-output>
          </reporter-output>
        </test-method> <!-- TestgetUser -->
        <test-method signature="TestInValidUserLogin()[pri:5, instance:testEndPoints.AdequateEndpointTests@4f8caaf3]" started-at="2023-05-01T11:41:56 IST" name="TestInValidUserLogin" finished-at="2023-05-01T11:41:56 IST" duration-ms="265" status="PASS">
          <reporter-output>
          </reporter-output>
        </test-method> <!-- TestInValidUserLogin -->
      </class> <!-- testEndPoints.AdequateEndpointTests -->
      <class name="testEndPoints.MobileStoreEndPointTests">
        <test-method signature="testLoginUser()[pri:1, instance:testEndPoints.MobileStoreEndPointTests@50b1f030]" started-at="2023-05-01T11:41:49 IST" name="testLoginUser" finished-at="2023-05-01T11:42:50 IST" duration-ms="61065" status="PASS">
          <reporter-output>
          </reporter-output>
        </test-method> <!-- testLoginUser -->
        <test-method signature="testRegisterUser()[pri:2, instance:testEndPoints.MobileStoreEndPointTests@50b1f030]" started-at="2023-05-01T11:42:50 IST" name="testRegisterUser" finished-at="2023-05-01T11:42:50 IST" duration-ms="606" status="PASS">
          <reporter-output>
          </reporter-output>
        </test-method> <!-- testRegisterUser -->
        <test-method signature="testCreateProducts(java.lang.String,java.lang.String,java.lang.String,java.lang.String,java.lang.String)[pri:3, instance:testEndPoints.MobileStoreEndPointTests@50b1f030]" started-at="2023-05-01T11:42:51 IST" name="testCreateProducts" data-provider="Data" finished-at="2023-05-01T11:43:02 IST" depends-on-methods="testEndPoints.MobileStoreEndPointTests.testLoginUser" duration-ms="10688" status="FAIL">
          <params>
            <param index="0">
              <value>
                <![CDATA[Apple Iphone 13]]>
              </value>
            </param>
            <param index="1">
              <value>
                <![CDATA[80000]]>
              </value>
            </param>
            <param index="2">
              <value>
                <![CDATA[200]]>
              </value>
            </param>
            <param index="3">
              <value>
                <![CDATA[1]]>
              </value>
            </param>
            <param index="4">
              <value>
                <![CDATA[2]]>
              </value>
            </param>
          </params>
          <exception class="org.awaitility.core.ConditionTimeoutException">
            <message>
              <![CDATA[Condition with lambda expression in testEndPoints.MobileStoreEndPointTests that uses io.restassured.response.Response was not fulfilled within 10 seconds.]]>
            </message>
            <full-stacktrace>
              <![CDATA[org.awaitility.core.ConditionTimeoutException: Condition with lambda expression in testEndPoints.MobileStoreEndPointTests that uses io.restassured.response.Response was not fulfilled within 10 seconds.
at org.awaitility.core.ConditionAwaiter.await(ConditionAwaiter.java:136)
at org.awaitility.core.CallableCondition.await(CallableCondition.java:79)
at org.awaitility.core.CallableCondition.await(CallableCondition.java:27)
at org.awaitility.core.ConditionFactory.until(ConditionFactory.java:840)
at org.awaitility.core.ConditionFactory.until(ConditionFactory.java:802)
at testEndPoints.MobileStoreEndPointTests.testCreateProducts(MobileStoreEndPointTests.java:107)
at java.base/jdk.internal.reflect.NativeMethodAccessorImpl.invoke0(Native Method)
at java.base/jdk.internal.reflect.NativeMethodAccessorImpl.invoke(NativeMethodAccessorImpl.java:62)
at java.base/jdk.internal.reflect.DelegatingMethodAccessorImpl.invoke(DelegatingMethodAccessorImpl.java:43)
at java.base/java.lang.reflect.Method.invoke(Method.java:566)
at org.testng.internal.invokers.MethodInvocationHelper.invokeMethod(MethodInvocationHelper.java:139)
at org.testng.internal.invokers.TestInvoker.invokeMethod(TestInvoker.java:677)
at org.testng.internal.invokers.TestInvoker.invokeTestMethod(TestInvoker.java:221)
at org.testng.internal.invokers.MethodRunner.runInSequence(MethodRunner.java:50)
at org.testng.internal.invokers.TestInvoker$MethodInvocationAgent.invoke(TestInvoker.java:969)
at org.testng.internal.invokers.TestInvoker.invokeTestMethods(TestInvoker.java:194)
at org.testng.internal.invokers.TestMethodWorker.invokeTestMethods(TestMethodWorker.java:148)
at org.testng.internal.invokers.TestMethodWorker.run(TestMethodWorker.java:128)
at java.base/java.util.concurrent.ThreadPoolExecutor.runWorker(ThreadPoolExecutor.java:1128)
at java.base/java.util.concurrent.ThreadPoolExecutor$Worker.run(ThreadPoolExecutor.java:628)
at java.base/java.lang.Thread.run(Thread.java:834)
]]>
            </full-stacktrace>
          </exception> <!-- org.awaitility.core.ConditionTimeoutException -->
          <reporter-output>
          </reporter-output>
        </test-method> <!-- testCreateProducts -->
        <test-method signature="testCreateProducts(java.lang.String,java.lang.String,java.lang.String,java.lang.String,java.lang.String)[pri:3, instance:testEndPoints.MobileStoreEndPointTests@50b1f030]" started-at="2023-05-01T11:43:02 IST" name="testCreateProducts" data-provider="Data" finished-at="2023-05-01T11:43:08 IST" depends-on-methods="testEndPoints.MobileStoreEndPointTests.testLoginUser" duration-ms="6099" status="PASS">
          <params>
            <param index="0">
              <value>
                <![CDATA[Xiaomi 12 Pro 5G]]>
              </value>
            </param>
            <param index="1">
              <value>
                <![CDATA[50000]]>
              </value>
            </param>
            <param index="2">
              <value>
                <![CDATA[150]]>
              </value>
            </param>
            <param index="3">
              <value>
                <![CDATA[3]]>
              </value>
            </param>
            <param index="4">
              <value>
                <![CDATA[3]]>
              </value>
            </param>
          </params>
          <reporter-output>
          </reporter-output>
        </test-method> <!-- testCreateProducts -->
        <test-method signature="testCreateProducts(java.lang.String,java.lang.String,java.lang.String,java.lang.String,java.lang.String)[pri:3, instance:testEndPoints.MobileStoreEndPointTests@50b1f030]" started-at="2023-05-01T11:43:08 IST" name="testCreateProducts" data-provider="Data" finished-at="2023-05-01T11:43:14 IST" depends-on-methods="testEndPoints.MobileStoreEndPointTests.testLoginUser" duration-ms="5778" status="PASS">
          <params>
            <param index="0">
              <value>
                <![CDATA[Xiaomi 13 Pro 5G]]>
              </value>
            </param>
            <param index="1">
              <value>
                <![CDATA[70000]]>
              </value>
            </param>
            <param index="2">
              <value>
                <![CDATA[100]]>
              </value>
            </param>
            <param index="3">
              <value>
                <![CDATA[2]]>
              </value>
            </param>
            <param index="4">
              <value>
                <![CDATA[2]]>
              </value>
            </param>
          </params>
          <reporter-output>
          </reporter-output>
        </test-method> <!-- testCreateProducts -->
        <test-method signature="testGetProduct()[pri:5, instance:testEndPoints.MobileStoreEndPointTests@50b1f030]" started-at="2023-05-01T11:43:14 IST" name="testGetProduct" finished-at="2023-05-01T11:43:14 IST" depends-on-methods="testEndPoints.MobileStoreEndPointTests.testLoginUser" duration-ms="465" status="PASS">
          <reporter-output>
          </reporter-output>
        </test-method> <!-- testGetProduct -->
        <test-method signature="testUpdateProduct()[pri:6, instance:testEndPoints.MobileStoreEndPointTests@50b1f030]" started-at="2023-05-01T11:43:14 IST" name="testUpdateProduct" finished-at="2023-05-01T11:43:15 IST" depends-on-methods="testEndPoints.MobileStoreEndPointTests.testLoginUser" duration-ms="377" status="PASS">
          <reporter-output>
          </reporter-output>
        </test-method> <!-- testUpdateProduct -->
        <test-method signature="testDeleteProduct()[pri:7, instance:testEndPoints.MobileStoreEndPointTests@50b1f030]" started-at="2023-05-01T11:43:15 IST" name="testDeleteProduct" finished-at="2023-05-01T11:43:15 IST" depends-on-methods="testEndPoints.MobileStoreEndPointTests.testLoginUser" duration-ms="480" status="FAIL">
          <exception class="java.lang.AssertionError">
            <message>
              <![CDATA[1 expectation failed.
Expected status code <200> but was <502>.
]]>
            </message>
            <full-stacktrace>
              <![CDATA[java.lang.AssertionError: 1 expectation failed.
Expected status code <200> but was <502>.

at java.base/jdk.internal.reflect.NativeConstructorAccessorImpl.newInstance0(Native Method)
at java.base/jdk.internal.reflect.NativeConstructorAccessorImpl.newInstance(NativeConstructorAccessorImpl.java:62)
at java.base/jdk.internal.reflect.DelegatingConstructorAccessorImpl.newInstance(DelegatingConstructorAccessorImpl.java:45)
at java.base/java.lang.reflect.Constructor.newInstance(Constructor.java:490)
at org.codehaus.groovy.reflection.CachedConstructor.invoke(CachedConstructor.java:73)
at org.codehaus.groovy.reflection.CachedConstructor.doConstructorInvoke(CachedConstructor.java:60)
at org.codehaus.groovy.runtime.callsite.ConstructorSite$ConstructorSiteNoUnwrap.callConstructor(ConstructorSite.java:86)
at org.codehaus.groovy.runtime.callsite.CallSiteArray.defaultCallConstructor(CallSiteArray.java:57)
at org.codehaus.groovy.runtime.callsite.AbstractCallSite.callConstructor(AbstractCallSite.java:263)
at org.codehaus.groovy.runtime.callsite.AbstractCallSite.callConstructor(AbstractCallSite.java:277)
at io.restassured.internal.ResponseSpecificationImpl$HamcrestAssertionClosure.validate(ResponseSpecificationImpl.groovy:512)
at io.restassured.internal.ResponseSpecificationImpl$HamcrestAssertionClosure$validate$2.call(Unknown Source)
at io.restassured.internal.ResponseSpecificationImpl.validateResponseIfRequired(ResponseSpecificationImpl.groovy:696)
at io.restassured.internal.ResponseSpecificationImpl.this$2$validateResponseIfRequired(ResponseSpecificationImpl.groovy)
at java.base/jdk.internal.reflect.NativeMethodAccessorImpl.invoke0(Native Method)
at java.base/jdk.internal.reflect.NativeMethodAccessorImpl.invoke(NativeMethodAccessorImpl.java:62)
at java.base/jdk.internal.reflect.DelegatingMethodAccessorImpl.invoke(DelegatingMethodAccessorImpl.java:43)
at java.base/java.lang.reflect.Method.invoke(Method.java:566)
at org.codehaus.groovy.runtime.callsite.PlainObjectMetaMethodSite.doInvoke(PlainObjectMetaMethodSite.java:43)
at org.codehaus.groovy.runtime.callsite.PogoMetaMethodSite$PogoCachedMethodSiteNoUnwrapNoCoerce.invoke(PogoMetaMethodSite.java:198)
at org.codehaus.groovy.runtime.callsite.PogoMetaMethodSite.callCurrent(PogoMetaMethodSite.java:62)
at org.codehaus.groovy.runtime.callsite.AbstractCallSite.callCurrent(AbstractCallSite.java:185)
at io.restassured.internal.ResponseSpecificationImpl.statusCode(ResponseSpecificationImpl.groovy:135)
at io.restassured.specification.ResponseSpecification$statusCode$1.callCurrent(Unknown Source)
at io.restassured.internal.ResponseSpecificationImpl.statusCode(ResponseSpecificationImpl.groovy:143)
at io.restassured.internal.ValidatableResponseOptionsImpl.statusCode(ValidatableResponseOptionsImpl.java:89)
at testEndPoints.MobileStoreEndPointTests.testDeleteProduct(MobileStoreEndPointTests.java:190)
at java.base/jdk.internal.reflect.NativeMethodAccessorImpl.invoke0(Native Method)
at java.base/jdk.internal.reflect.NativeMethodAccessorImpl.invoke(NativeMethodAccessorImpl.java:62)
at java.base/jdk.internal.reflect.DelegatingMethodAccessorImpl.invoke(DelegatingMethodAccessorImpl.java:43)
at java.base/java.lang.reflect.Method.invoke(Method.java:566)
at org.testng.internal.invokers.MethodInvocationHelper.invokeMethod(MethodInvocationHelper.java:139)
at org.testng.internal.invokers.TestInvoker.invokeMethod(TestInvoker.java:677)
at org.testng.internal.invokers.TestInvoker.invokeTestMethod(TestInvoker.java:221)
at org.testng.internal.invokers.MethodRunner.runInSequence(MethodRunner.java:50)
at org.testng.internal.invokers.TestInvoker$MethodInvocationAgent.invoke(TestInvoker.java:969)
at org.testng.internal.invokers.TestInvoker.invokeTestMethods(TestInvoker.java:194)
at org.testng.internal.invokers.TestMethodWorker.invokeTestMethods(TestMethodWorker.java:148)
at org.testng.internal.invokers.TestMethodWorker.run(TestMethodWorker.java:128)
at java.base/java.util.concurrent.ThreadPoolExecutor.runWorker(ThreadPoolExecutor.java:1128)
at java.base/java.util.concurrent.ThreadPoolExecutor$Worker.run(ThreadPoolExecutor.java:628)
at java.base/java.lang.Thread.run(Thread.java:834)
]]>
            </full-stacktrace>
          </exception> <!-- java.lang.AssertionError -->
          <reporter-output>
          </reporter-output>
        </test-method> <!-- testDeleteProduct -->
        <test-method signature="testGetProducts(java.lang.String)[pri:4, instance:testEndPoints.MobileStoreEndPointTests@50b1f030]" started-at="2023-05-01T11:43:15 IST" name="testGetProducts" finished-at="2023-05-01T11:43:15 IST" depends-on-methods="testEndPoints.MobileStoreEndPointTests.testLoginUser, testEndPoints.MobileStoreEndPointTests.testCreateProducts" duration-ms="0" status="SKIP">
          <exception class="java.lang.Throwable">
            <message>
              <![CDATA[Method testEndPoints.MobileStoreEndPointTests.testGetProducts() on instance testEndPoints.MobileStoreEndPointTests@50b1f030 depends on not successfully finished methods 
[testEndPoints.MobileStoreEndPointTests.testLoginUser() on instance testEndPoints.MobileStoreEndPointTests@50b1f030
testEndPoints.MobileStoreEndPointTests.testCreateProducts() on instance testEndPoints.MobileStoreEndPointTests@50b1f030]]]>
            </message>
            <full-stacktrace>
              <![CDATA[java.lang.Throwable: Method testEndPoints.MobileStoreEndPointTests.testGetProducts() on instance testEndPoints.MobileStoreEndPointTests@50b1f030 depends on not successfully finished methods 
[testEndPoints.MobileStoreEndPointTests.testLoginUser() on instance testEndPoints.MobileStoreEndPointTests@50b1f030
testEndPoints.MobileStoreEndPointTests.testCreateProducts() on instance testEndPoints.MobileStoreEndPointTests@50b1f030]
at org.testng.internal.invokers.TestInvoker.invokeTestMethods(TestInvoker.java:150)
at org.testng.internal.invokers.TestMethodWorker.invokeTestMethods(TestMethodWorker.java:148)
at org.testng.internal.invokers.TestMethodWorker.run(TestMethodWorker.java:128)
at java.base/java.util.concurrent.ThreadPoolExecutor.runWorker(ThreadPoolExecutor.java:1128)
at java.base/java.util.concurrent.ThreadPoolExecutor$Worker.run(ThreadPoolExecutor.java:628)
at java.base/java.lang.Thread.run(Thread.java:834)
]]>
            </full-stacktrace>
          </exception> <!-- java.lang.Throwable -->
          <reporter-output>
          </reporter-output>
        </test-method> <!-- testGetProducts -->
      </class> <!-- testEndPoints.MobileStoreEndPointTests -->
    </test> <!-- Test -->
  </suite> <!-- Suite -->
</testng-results>
